# JRE version: Java(TM) SE Runtime Environment (8.0_291-b10) (build 1.8.0_291-b10)
# Java VM: Java HotSpot(TM) 64-Bit Server VM (25.291-b10 mixed mode windows-amd64 compressed oops)
Heap:
 PSYoungGen      total 152576K, used 7318K [0x0000000716900000, 0x0000000721300000, 0x00000007c0000000)
  eden space 131072K, 0% used [0x0000000716900000,0x0000000716900000,0x000000071e900000)
  from space 21504K, 34% used [0x000000071fe00000,0x0000000720525a90,0x0000000721300000)
  to   space 21504K, 0% used [0x000000071e900000,0x000000071e900000,0x000000071fe00000)
 ParOldGen       total 240128K, used 13402K [0x00000005c3a00000, 0x00000005d2480000, 0x0000000716900000)
  object space 240128K, 5% used [0x00000005c3a00000,0x00000005c4716b78,0x00000005d2480000)
 Metaspace       used 23667K, capacity 24392K, committed 24448K, reserved 1075200K
  class space    used 3015K, capacity 3200K, committed 3200K, reserved 1048576K
GC Heap History (4 events):
Event: 3.462 GC heap before
{Heap before GC invocations=1 (full 0):
 PSYoungGen      total 152576K, used 120734K [0x0000000716900000, 0x0000000721300000, 0x00000007c0000000)
  eden space 131072K, 92% used [0x0000000716900000,0x000000071dee78f0,0x000000071e900000)
  from space 21504K, 0% used [0x000000071fe00000,0x000000071fe00000,0x0000000721300000)
  to   space 21504K, 0% used [0x000000071e900000,0x000000071e900000,0x000000071fe00000)
 ParOldGen       total 348160K, used 0K [0x00000005c3a00000, 0x00000005d8e00000, 0x0000000716900000)
  object space 348160K, 0% used [0x00000005c3a00000,0x00000005c3a00000,0x00000005d8e00000)
 Metaspace       used 20563K, capacity 21138K, committed 21296K, reserved 1069056K
  class space    used 2545K, capacity 2681K, committed 2688K, reserved 1048576K
Event: 3.474 GC heap after
Heap after GC invocations=1 (full 0):
 PSYoungGen      total 152576K, used 14073K [0x0000000716900000, 0x0000000721300000, 0x00000007c0000000)
  eden space 131072K, 0% used [0x0000000716900000,0x0000000716900000,0x000000071e900000)
  from space 21504K, 65% used [0x000000071e900000,0x000000071f6be7d0,0x000000071fe00000)
  to   space 21504K, 0% used [0x000000071fe00000,0x000000071fe00000,0x0000000721300000)
 ParOldGen       total 348160K, used 96K [0x00000005c3a00000, 0x00000005d8e00000, 0x0000000716900000)
  object space 348160K, 0% used [0x00000005c3a00000,0x00000005c3a18010,0x00000005d8e00000)
 Metaspace       used 20563K, capacity 21138K, committed 21296K, reserved 1069056K
  class space    used 2545K, capacity 2681K, committed 2688K, reserved 1048576K
}
Event: 3.474 GC heap before
{Heap before GC invocations=2 (full 1):
 PSYoungGen      total 152576K, used 14073K [0x0000000716900000, 0x0000000721300000, 0x00000007c0000000)
  eden space 131072K, 0% used [0x0000000716900000,0x0000000716900000,0x000000071e900000)
  from space 21504K, 65% used [0x000000071e900000,0x000000071f6be7d0,0x000000071fe00000)
  to   space 21504K, 0% used [0x000000071fe00000,0x000000071fe00000,0x0000000721300000)
 ParOldGen       total 348160K, used 96K [0x00000005c3a00000, 0x00000005d8e00000, 0x0000000716900000)
  object space 348160K, 0% used [0x00000005c3a00000,0x00000005c3a18010,0x00000005d8e00000)
 Metaspace       used 20563K, capacity 21138K, committed 21296K, reserved 1069056K
  class space    used 2545K, capacity 2681K, committed 2688K, reserved 1048576K
Event: 3.503 GC heap after
Heap after GC invocations=2 (full 1):
 PSYoungGen      total 152576K, used 0K [0x0000000716900000, 0x0000000721300000, 0x00000007c0000000)
  eden space 131072K, 0% used [0x0000000716900000,0x0000000716900000,0x000000071e900000)
  from space 21504K, 0% used [0x000000071e900000,0x000000071e900000,0x000000071fe00000)
  to   space 21504K, 0% used [0x000000071fe00000,0x000000071fe00000,0x0000000721300000)
 ParOldGen       total 240128K, used 13394K [0x00000005c3a00000, 0x00000005d2480000, 0x0000000716900000)
  object space 240128K, 5% used [0x00000005c3a00000,0x00000005c4714b78,0x00000005d2480000)
 Metaspace       used 20563K, capacity 21138K, committed 21296K, reserved 1069056K
  class space    used 2545K, capacity 2681K, committed 2688K, reserved 1048576K
}

